<?xml version="1.0" encoding="UTF-8"?>
<!-- Generated by org.testng.reporters.JUnitReportReporter -->
<testsuite hostname="DESKTOP-1E2NRIJ" failures="0" tests="7" name="TestProject.tests_Testng.TestNGTest" time="134.680" errors="0" timestamp="07 Feb 2025 19:39:40 GMT" skipped="0">
  <testcase classname="TestProject.tests_Testng.TestNGTest" name="addUserTestCase1" time="20.213"/>
  <testcase classname="TestProject.tests_Testng.TestNGTest" name="addUserTestCase2" time="20.365"/>
  <testcase classname="TestProject.tests_Testng.TestNGTest" name="addUserTestCase3" time="19.623"/>
  <testcase classname="TestProject.tests_Testng.TestNGTest" name="addUserTestCase4" time="22.602"/>
  <testcase classname="TestProject.tests_Testng.TestNGTest" name="addUserTestCase5" time="20.603"/>
  <testcase classname="TestProject.tests_Testng.TestNGTest" name="searchUserTestCase1" time="19.712"/>
  <testcase classname="TestProject.tests_Testng.TestNGTest" name="searchUserTestCase2" time="11.562"/>
</testsuite> <!-- TestProject.tests_Testng.TestNGTest -->
